1: package io;
2: 
3: import java.io.BufferedReader;
4: import java.io.IOException;
5: import java.io.PrintWriter;
6: import java.io.StringReader;
7: 
8: /**
9:  * Created by xjshi on 03/03/2017.
10:  * 18.6.4 文本文件输出的快捷方式
11:  */
12: public class FileOutputShortCut {
13:     static String file = "/Users/xjshi/Java-workspace/ThinkingInJava/src/io/FileOutputShortCut.out";
14: 
15:     public static void main(String[] args) throws IOException {
16:         BufferedReader in = new BufferedReader(new StringReader(BufferedInputFile.read("/Users/xjshi/Java-workspace/ThinkingInJava/src/io/FileOutputShortCut.java")));
17: 
18:         PrintWriter out = new PrintWriter(file);
19:         int lineCount = 1;
20:         String s;
21:         while ((s = in.readLine()) != null)
22:             out.println(lineCount++ + ": " + s);
23:         out.close();
24:         
25:         System.out.println(BufferedInputFile.read(file));
26:     }
27: }
